<?xml version="1.0" encoding="UTF-8"?>
<!-- Generated by org.testng.reporters.JUnitXMLReporter -->
<testsuite ignored="2" hostname="IND-PJHA" failures="0" tests="1" name="Default test" time="6.799" errors="0" timestamp="2024-02-12T11:13:56 IST">
  <testcase classname="com.cineverse.qa.testcases.ForgotPasswordPageTest" name="ValidateSubmitButtonIsDisplayedTest" time="0.05"/>
  <testcase classname="com.cineverse.qa.testcases.ForgotPasswordPageTest" name="ValidatePleaseEnterTextTest" time="0.0">
    <ignored/>
  </testcase> <!-- ValidatePleaseEnterTextTest -->
  <testcase classname="com.cineverse.qa.testcases.ForgotPasswordPageTest" name="ValidateEmailInputFieldIsDisplayedText" time="0.0">
    <ignored/>
  </testcase> <!-- ValidateEmailInputFieldIsDisplayedText -->
</testsuite> <!-- Default test -->
